0 info it worked if it ends with ok
1 verbose cli [ 'C:\\Program Files\\nodejs\\\\node.exe',
1 verbose cli   'C:\\Program Files\\nodejs\\node_modules\\npm\\bin\\npm-cli.js',
1 verbose cli   'install',
1 verbose cli   'module-by-alena-rubanik' ]
2 info using npm@1.4.28
3 info using node@v0.10.32
4 verbose node symlink C:\Program Files\nodejs\\node.exe
5 warn package.json module-alena-rubanik@1.0.0 No repository field.
6 warn package.json module-alena-rubanik@1.0.0 No README data
7 verbose readDependencies using package.json deps
8 verbose cache add [ 'module-by-alena-rubanik', null ]
9 verbose cache add name=undefined spec="module-by-alena-rubanik" args=["module-by-alena-rubanik",null]
10 verbose parsed url { protocol: null,
10 verbose parsed url   slashes: null,
10 verbose parsed url   auth: null,
10 verbose parsed url   host: null,
10 verbose parsed url   port: null,
10 verbose parsed url   hostname: null,
10 verbose parsed url   hash: null,
10 verbose parsed url   search: null,
10 verbose parsed url   query: null,
10 verbose parsed url   pathname: 'module-by-alena-rubanik',
10 verbose parsed url   path: 'module-by-alena-rubanik',
10 verbose parsed url   href: 'module-by-alena-rubanik' }
11 silly lockFile 2c93ee62-module-by-alena-rubanik module-by-alena-rubanik
12 verbose lock module-by-alena-rubanik C:\Users\Alena_Rubanik\AppData\Roaming\npm-cache\2c93ee62-module-by-alena-rubanik.lock
13 silly lockFile 2c93ee62-module-by-alena-rubanik module-by-alena-rubanik
14 silly lockFile 2c93ee62-module-by-alena-rubanik module-by-alena-rubanik
15 verbose addNamed [ 'module-by-alena-rubanik', '' ]
16 verbose addNamed [ null, '*' ]
17 silly lockFile 0850a8d8-module-by-alena-rubanik module-by-alena-rubanik@
18 verbose lock module-by-alena-rubanik@ C:\Users\Alena_Rubanik\AppData\Roaming\npm-cache\0850a8d8-module-by-alena-rubanik.lock
19 silly addNameRange { name: 'module-by-alena-rubanik', range: '*', hasData: false }
20 verbose request where is /module-by-alena-rubanik
21 verbose request registry https://registry.npmjs.org/
22 verbose request id fd0783ce92dfe499
23 verbose url raw /module-by-alena-rubanik
24 verbose url resolving [ 'https://registry.npmjs.org/', './module-by-alena-rubanik' ]
25 verbose url resolved https://registry.npmjs.org/module-by-alena-rubanik
26 verbose request where is https://registry.npmjs.org/module-by-alena-rubanik
27 info trying registry request attempt 1 at 00:11:58
28 verbose etag "545414JMLOY32S0IGC26QOH80"
29 http GET https://registry.npmjs.org/module-by-alena-rubanik
30 http 404 https://registry.npmjs.org/module-by-alena-rubanik
31 silly registry.get cb [ 404,
31 silly registry.get   { server: 'CouchDB/1.5.0 (Erlang OTP/R16B03)',
31 silly registry.get     etag: '"545414JMLOY32S0IGC26QOH80"',
31 silly registry.get     'content-type': 'application/json',
31 silly registry.get     'cache-control': 'max-age=0',
31 silly registry.get     'content-length': '442',
31 silly registry.get     'accept-ranges': 'bytes',
31 silly registry.get     date: 'Thu, 14 May 2015 21:11:59 GMT',
31 silly registry.get     via: '1.1 varnish',
31 silly registry.get     age: '0',
31 silly registry.get     connection: 'keep-alive',
31 silly registry.get     'x-served-by': 'cache-lcy1126-LCY',
31 silly registry.get     'x-cache': 'MISS',
31 silly registry.get     'x-cache-hits': '0',
31 silly registry.get     'x-timer': 'S1431637919.040990,VS0,VE352',
31 silly registry.get     vary: 'Accept' } ]
32 silly lockFile 0850a8d8-module-by-alena-rubanik module-by-alena-rubanik@
33 silly lockFile 0850a8d8-module-by-alena-rubanik module-by-alena-rubanik@
34 error 404 Not Found
34 error 404
34 error 404 'module-by-alena-rubanik' is not in the npm registry.
34 error 404 You should bug the author to publish it
34 error 404 It was specified as a dependency of 'module-alena-rubanik'
34 error 404
34 error 404 Note that you can also install from a
34 error 404 tarball, folder, or http url, or git url.
35 error System Windows_NT 6.1.7601
36 error command "C:\\Program Files\\nodejs\\\\node.exe" "C:\\Program Files\\nodejs\\node_modules\\npm\\bin\\npm-cli.js" "install" "module-by-alena-rubanik"
37 error cwd d:\hometask\z
38 error node -v v0.10.32
39 error npm -v 1.4.28
40 error code E404
41 verbose exit [ 1, true ]
